Set GlobalLogLevel to kInfo
Set GlobalDebuglevel to 0 if log level is larger or equal than debug(4)
Doing a Likelihood fit
ROOT output = ./output/fit_apr18_contNunubar_NueLastNotAsConstrain
Log  output = ./output/logs/fit_apr18_contNunubar_NueLastNotAsConstrain.log
XML  backup = ./output/output_xml/fit_apr18_contNunubar_NueLastNotAsConstrain.xml
--------------------------------------------------
Loading MC
--------------------------------------------------
Loading Data
--------------------------------------------------
Loading Matrices
FitMaster::Correcting diagonal elements of opticalmodel
FitMaster::Multisim cv:
     Nue Signal   86.539   120.07    236.8   448.23   419.14   314.33   448.23   426.37   288.03   710.43   570.86   155.79    295.2   112.54   325.37    164.5   102.01   76.604
         Nue MC   210.26    203.7   299.09   317.42   202.44   114.58   147.47   123.17    81.26   201.04    175.1   43.716   81.664   35.527   122.41   77.782   59.263   97.224
        Numu MC    23704    36820    45887    47382    44637    39448    32789    26268    20536    15780    11466   8104.1     5706   3795.4   2562.3   1828.9   5976.7
  Nuebar Signal   12.807    16.37   31.085   54.734   44.571   30.278   45.497   43.672   27.852   78.664   63.704   16.635   27.609   12.512    31.81   17.352    8.174   5.1057
      Nuebar MC   34.881    32.54   43.303    46.39    32.39   17.681   24.338   21.176   13.021   33.444   28.133   9.0772   14.542   5.8599   20.875   16.083   10.681   15.976
     Numubar MC   4174.5     5911   6779.2   6691.8   6083.6   5243.6   4288.4   3338.5   2505.5   1818.4   1268.9    854.5   545.65   334.11    203.9   128.06   322.04

FitMaster::MC cv:
     Nue Signal         0         0         0         0         0         0         0         0         0         0         0         0         0         0         0         0         0         0
         Nue MC   182.869  178.1333  216.0021  239.4368   127.518  79.98308  99.05227  88.94618  44.95564  139.0204   113.447  29.74356  51.46096  21.88348  76.72044  44.20726  32.36958  61.37636
        Numu MC  15114.58  23449.64  29158.72  30180.69  28311.71  24757.81  20554.12  16617.22  13012.25  9989.899  7282.606  5140.756  3563.871  2448.974  1625.273  1176.023  3761.775
  Nuebar Signal         0         0         0         0         0         0         0         0         0         0         0         0         0         0         0         0         0         0
      Nuebar MC  46.24254  44.04736   53.0776   57.0988  32.93794  18.07729  25.08178  21.98314  12.19118  36.38354  28.73781  7.362085  14.97722  6.410992  20.09808  16.70848  11.05185  14.93746
     Numubar MC  4148.345  5850.613  6792.016  6669.286  6045.516  5252.724  4282.104  3322.856  2503.933  1827.954  1255.057  870.4799  550.7377  340.4849  210.2119  126.7752  327.5392



FitMaster::Correcting mattrix elements
bin 	 FracM 	 EventVector 	        FracM_CV_POTscaled 		 FracM_scaled
------------------------------- Nue MC -------------------------------
 18   0.031695   182.8690      210.2565/1.4618=   143.8302      0.030211
 19   0.035086   178.1333      203.6972/1.4618=   139.3432      0.033523
 20   0.015347   216.0021      299.0870/1.4618=   204.5965      0.015089
 21   0.015873   239.4368      317.4176/1.4618=   217.1360      0.015444
 22   0.020002   127.5180      202.4396/1.4618=   138.4829      0.020623
 23   0.034841    79.9831      114.5835/1.4618=    78.3832      0.034585
 24   0.030497    99.0523      147.4680/1.4618=   100.8785      0.030680
 25   0.030047    88.9462      123.1742/1.4618=    84.2598      0.029422
 26   0.038010    44.9556       81.2603/1.4618=    55.5878      0.042264
 27   0.019484   139.0204      201.0426/1.4618=   137.5273      0.019406
 28   0.020364   113.4470      175.0991/1.4618=   119.7801      0.020830
 29   0.119702    29.7436       43.7158/1.4618=    29.9047      0.119884
 30   0.052229    51.4610       81.6637/1.4618=    55.8637      0.053760
 31   0.104007    21.8835       35.5275/1.4618=    24.3033      0.108556
 32   0.031265    76.7204      122.4080/1.4618=    83.7357      0.032357
 33   0.069935    44.2073       77.7817/1.4618=    53.2081      0.073762
 34   0.051699    32.3696       59.2635/1.4618=    40.5404      0.057925
 35   0.055003    61.3764       97.2245/1.4618=    66.5084      0.056261
------------------------------- Numu MC -------------------------------
 36   0.003932 15114.5780    23704.3478/1.4618= 16215.4410      0.003936
 37   0.003331 23449.6397    36819.9457/1.4618= 25187.4323      0.003334
 38   0.002300 29158.7182    45886.8309/1.4618= 31389.8195      0.002303
 39   0.001823 30180.6872    47382.3213/1.4618= 32412.8400      0.001825
 40   0.000995 28311.7112    44637.0516/1.4618= 30534.8825      0.000997
 41   0.000961 24757.8083    39448.2236/1.4618= 26985.3592      0.000965
 42   0.001052 20554.1162    32788.5033/1.4618= 22429.6422      0.001056
 43   0.000974 16617.2214    26268.3412/1.4618= 17969.3928      0.000979
 44   0.000917 13012.2539    20535.9214/1.4618= 14048.0145      0.000922
 45   0.001505  9989.8993    15779.6407/1.4618= 10794.3840      0.001513
 46   0.001572  7282.6064    11465.7817/1.4618=  7843.4010      0.001582
 47   0.002488  5140.7556     8104.0950/1.4618=  5543.7709      0.002502
 48   0.006477  3563.8711     5706.0441/1.4618=  3903.3354      0.006501
 49   0.007112  2448.9740     3795.4427/1.4618=  2596.3497      0.007135
 50   0.008169  1625.2727     2562.2970/1.4618=  1752.7913      0.008214
 51   0.010035  1176.0226     1828.9469/1.4618=  1251.1283      0.010087
 52   0.011584  3761.7753     5976.6560/1.4618=  4088.4531      0.011605
------------------------------- Nuebar MC -------------------------------
 71   0.013716    46.2425       34.8812/0.5384=    64.7869      0.023344
 72   0.022589    44.0474       32.5401/0.5384=    60.4386      0.028746
 73   0.019356    53.0776       43.3028/0.5384=    80.4287      0.025763
 74   0.017999    57.0988       46.3902/0.5384=    86.1631      0.023907
 75   0.016468    32.9379       32.3896/0.5384=    60.1589      0.030515
 76   0.038079    18.0773       17.6814/0.5384=    32.8406      0.062947
 77   0.026242    25.0818       24.3383/0.5384=    45.2048      0.043990
 78   0.019440    21.9831       21.1763/0.5384=    39.3319      0.051474
 79   0.034337    12.1912       13.0213/0.5384=    24.1852      0.089037
 80   0.014522    36.3835       33.4440/0.5384=    62.1175      0.029062
 81   0.019668    28.7378       28.1329/0.5384=    52.2528      0.035328
 82   0.074719     7.3621        9.0772/0.5384=    16.8595      0.151237
 83   0.034154    14.9772       14.5420/0.5384=    27.0097      0.069638
 84   0.084059     6.4110        5.8599/0.5384=    10.8840      0.163801
 85   0.028018    20.0981       20.8751/0.5384=    38.7725      0.051982
 86   0.041184    16.7085       16.0833/0.5384=    29.8723      0.067558
 87   0.056719    11.0519       10.6811/0.5384=    19.8386      0.096795
 88   0.050407    14.9375       15.9762/0.5384=    29.6735      0.083653
------------------------------- Numubar MC -------------------------------
 89   0.001174  4148.3449     4174.4697/0.5384=  7753.4728      0.001286
 90   0.001283  5850.6125     5911.0402/0.5384= 10978.9009      0.001363
 91   0.000993  6792.0158     6779.2246/0.5384= 12591.4275      0.001061
 92   0.000716  6669.2861     6691.8301/0.5384= 12429.1050      0.000785
 93   0.000499  6045.5165     6083.6386/0.5384= 11299.4773      0.000576
 94   0.000551  5252.7240     5243.6383/0.5384=  9739.2985      0.000639
 95   0.000670  4282.1045     4288.3554/0.5384=  7964.9988      0.000778
 96   0.000965  3322.8559     3338.5434/0.5384=  6200.8608      0.001105
 97   0.000889  2503.9330     2505.4507/0.5384=  4653.5116      0.001073
 98   0.001085  1827.9540     1818.4443/0.5384=  3377.4968      0.001336
 99   0.002255  1255.0572     1268.9238/0.5384=  2356.8421      0.002628
100   0.004825   870.4799      854.4959/0.5384=  1587.1024      0.005344
101   0.008237   550.7377      545.6476/0.5384=  1013.4613      0.009066
102   0.008269   340.4849      334.1060/0.5384=   620.5534      0.009594
103   0.011507   210.2119      203.8967/0.5384=   378.7086      0.013624
104   0.011859   126.7752      128.0619/0.5384=   237.8563      0.015543
105   0.009812   327.5392      322.0392/0.5384=   598.1411      0.011193

Setting AddStatError to false
Setting AddMCStatError to true
Setting AddSignalStatError to true
Adding MC stat
Adding beamunisims
Adding ccpiq2rewt
W-Matrix ccpiq2rewt NOT POS DEF! Minimum eigenvalue is -1.629e-26 while minimum diag term is 0.000e+00 Nothing Added!
Adding dirt
W-Matrix dirt NOT POS DEF! Minimum eigenvalue is -1.954e-22 while minimum diag term is 0.000e+00 Nothing Added!
Adding hadronic
Adding k0prod
W-Matrix k0prod NOT POS DEF! Minimum eigenvalue is -3.052e-22 while minimum diag term is 0.000e+00 Nothing Added!
Adding kmprod
W-Matrix kmprod NOT POS DEF! Minimum eigenvalue is -2.857e-23 while minimum diag term is 0.000e+00 Nothing Added!
Adding kpprod
Adding mcunisims_smoothed
W-Matrix mcunisims_smoothed NOT POS DEF! Minimum eigenvalue is -7.010e-18 while minimum diag term is 5.705e-05 Nothing Added!
Adding opticalmodel
W-Matrix opticalmodel NOT POS DEF! Minimum eigenvalue is -1.457e-05 while minimum diag term is 5.757e-04 Nothing Added!
Adding pi0yield_common_det
W-Matrix pi0yield_common_det NOT POS DEF! Minimum eigenvalue is -5.924e-22 while minimum diag term is 0.000e+00 Nothing Added!
Adding pi0yield_statbkg
W-Matrix pi0yield_statbkg NOT POS DEF! Minimum eigenvalue is -1.973e-23 while minimum diag term is 0.000e+00 Nothing Added!
Adding pimprodrawaboutsw
W-Matrix pimprodrawaboutsw NOT POS DEF! Minimum eigenvalue is -2.655e-22 while minimum diag term is 0.000e+00 Nothing Added!
Adding pipprodrawaboutsw
Adding xsec
--------------------------------------------------
Setting rebin vectors
*********************************************************************************
FitMaster::Rebin
Nue Signal
1, 1, 2, 3, 4, 5, 5, 6, 6, 7, 8, 9, 9, 10, 10, 11, 11, 11, 
Nue MC
1, 1, 2, 3, 4, 5, 5, 6, 6, 7, 8, 9, 9, 10, 10, 11, 11, 11, 
Numu MC
-1, -1, -2, -2, -3, -3, -4, -4, -5, -5, -6, -6, -7, -7, -8, -8, 0, 
Nuebar Signal
1, 1, 2, 3, 4, 5, 5, 6, 6, 7, 8, 9, 9, 10, 10, 11, 11, 11, 
Nuebar MC
1, 1, 2, 3, 4, 5, 5, 6, 6, 7, 8, 9, 9, 10, 10, 11, 11, 11, 
Numubar MC
-1, -1, -2, -2, -3, -3, -4, -4, -5, -5, -6, -6, -7, -7, -8, -8, 0, 
full_rebin_vector
1, 1, 2, 3, 4, 5, 5, 6, 6, 7, 8, 9, 9, 10, 10, 11, 11, 11, 12, 12, 13, 14, 15, 16, 16, 17, 17, 18, 19, 20, 20, 21, 21, 22, 22, 22, 23, 23, 24, 24, 25, 25, 26, 26, 27, 27, 28, 28, 29, 29, 30, 30, 0, 31, 31, 32, 33, 34, 35, 35, 36, 36, 37, 38, 39, 39, 40, 40, 41, 41, 41, 42, 42, 43, 44, 45, 46, 46, 47, 47, 48, 49, 50, 50, 51, 51, 52, 52, 52, 53, 53, 54, 54, 55, 55, 56, 56, 57, 57, 58, 58, 59, 59, 60, 60, 0, 
--------------------------------------------------
Configuring fit algorithm
Not doing raster scan.
Histograms will be written into root file.
******************************************************************
MC samples (fMCSampleList) included in the fit: 
Nue Signal, Nue MC, Numu MC, Nuebar Signal, Nuebar MC, Numubar MC, 

POTWeightCalc
                 POT1284000000000000000000.0000
          n_mc_files    314022.0000
        pot_per_file422900000000000.0000

OscWeightCalc
          sin22theta         0.0000
                 dm2         0.0000
             Filter         Iflux filter
      Events passed                17204
         Events cut                 6171

****************************************************************************************
Sample name: Nue Signal
Input file: ./input/nu18.77_nubar11.27/filtered_Neutrino_nueccqe_Likelihood_Final_Full_Dirtcut_0_dirtApr18.root
fFastHist.size(): 0
Events read: 17204
Weight calculators: 

Nue Signal bins       0.2       0.3     0.375     0.475      0.55     0.675       0.8      0.95       1.1      1.25       1.5         3
------------------------------------------------------------------------------------------------------------------------------------------------------
     Nue Signal              0         0         0         0         0         0         0         0         0         0         0
---------------
       pi+                   0         0         0         0         0         0         0         0         0         0         0
       pi-                   0         0         0         0         0         0         0         0         0         0         0
       k0l                   0         0         0         0         0         0         0         0         0         0         0
        k+                   0         0         0         0         0         0         0         0         0         0         0
        k-                   0         0         0         0         0         0         0         0         0         0         0
       mu+                   0         0         0         0         0         0         0         0         0         0         0
       mu-                   0         0         0         0         0         0         0         0         0         0         0
   unknown                   0         0         0         0         0         0         0         0         0         0         0
---------------
       pi+                   0         0         0         0         0         0         0         0         0         0         0
       pi-                   0         0         0         0         0         0         0         0         0         0         0
       k0l                   0         0         0         0         0         0         0         0         0         0         0
        k+                   0         0         0         0         0         0         0         0         0         0         0
        k-                   0         0         0         0         0         0         0         0         0         0         0
       mu+                   0         0         0         0         0         0         0         0         0         0         0
       mu-                   0         0         0         0         0         0         0         0         0         0         0
      Dirt                   0         0         0         0         0         0         0         0         0         0         0
       Pi0                   0         0         0         0         0         0         0         0         0         0         0
     Delta                   0         0         0         0         0         0         0         0         0         0         0
   unknown                   0         0         0         0         0         0         0         0         0         0         0
------------------------------------------------------------------------------------------------------------------------------------------------------
Overflow bin  ( E > 3 ) = 0
Underflow bin ( E < 0.2 ) = 0
****************************************************************************************


POTWeightCalc
                 POT1284000000000000000000.0000
          n_mc_files   9396160.0000
        pot_per_file437200000000000.0000
             Filter         Iflux filter
      Events passed                 6171
         Events cut                17204

****************************************************************************************
Sample name: Nue MC
Input file: ./input/nu18.77_nubar11.27/filtered_Neutrino_nueccqe_Likelihood_Final_Full_Dirtcut_0_dirtApr18.root
fFastHist.size(): 0
Events read: 6171
Weight calculators: 

    Nue MC bins       0.2       0.3     0.375     0.475      0.55     0.675       0.8      0.95       1.1      1.25       1.5         3
------------------------------------------------------------------------------------------------------------------------------------------------------
         Nue MC            361       216     239.4     127.5       179     133.9       139     113.4      81.2      98.6       138
---------------
       pi+               324.1     191.2     202.1     96.11     132.6     91.39     89.31      69.3     49.27     45.29     40.54
       pi-               4.231     2.564     3.832     1.736     2.542    0.8879     1.242     1.852    0.6116    0.8214     1.621
       k0l               4.443     3.437     5.111     5.562     7.766     10.39     8.051     7.405     4.097     9.491        18
        k+               24.91     18.14     26.98     21.94     35.17     30.61      38.9     34.27     27.23     41.75     77.49
        k-                   0         0    0.3126         0         0         0         0         0         0    0.3126    0.3032
       mu+                   0         0         0         0         0         0         0         0         0         0         0
       mu-                   0         0         0         0         0         0         0         0         0         0         0
   unknown               3.365    0.6938     1.112     2.167    0.9377    0.6251     1.523    0.6251         0    0.9377         0
---------------
       pi+               26.91     32.35     56.14     37.83     61.52      61.1     59.93     48.73     35.91     36.62     29.58
       pi-                   0    0.2968    0.9602    0.4036     1.332     0.639    0.6703    0.6716    0.6116     0.349     1.385
       k0l               4.443     3.437     4.609     5.562     7.177     10.39     8.051     7.189     3.874     9.491     16.14
        k+               7.277     9.317      17.3     17.11     28.58     25.09     33.36     29.41     24.47     35.71     53.82
        k-                   0         0    0.3126         0         0         0         0         0         0    0.3126         0
       mu+                   0         0         0         0         0         0         0         0         0         0         0
       mu-                   0         0         0         0         0         0         0         0         0         0         0
      Dirt               24.57      13.4     12.84     8.004     8.004     3.536     2.606     1.861    0.3723    0.5584    0.7445
       Pi0               205.6     86.28      68.3     26.42     37.82     19.71     24.13     19.88     13.43     12.91     35.23
     Delta               38.84     41.42     52.64     16.61     13.17     5.099     2.075     1.153    0.5363    0.5134     0.247
   unknown                53.4      29.5     26.34     15.59     21.43      8.34     8.204     4.559         2     2.138    0.8002
------------------------------------------------------------------------------------------------------------------------------------------------------
Overflow bin  ( E > 3 ) = 2.676
Underflow bin ( E < 0.2 ) = 178.7
****************************************************************************************


POTWeightCalc
                 POT1284000000000000000000.0000
          n_mc_files   9396160.0000
        pot_per_file437200000000000.0000

****************************************************************************************
Sample name: Numu MC
Input file: ./input/nu18.77_nubar11.27/filtered_Neutrino_numuccqe_Likelihood_Numu_CCQE_0.hbk.root
fFastHist.size(): 0
Events read: 598842
Weight calculators: 

   Numu MC bins         0       0.5       0.7       0.9       1.1       1.3       1.5       1.7       1.9
------------------------------------------------------------------------------------------------------------------------
        Numu MC      3.856e+04 5.934e+04 5.307e+04 3.717e+04   2.3e+04 1.242e+04      6013      2801
---------------
       pi+           3.703e+04 5.759e+04 5.164e+04 3.617e+04 2.231e+04 1.195e+04      5727      2640
       pi-               491.7     592.9     506.8     340.5     223.5     128.3        52     15.68
       k0l                28.1     32.53     24.66     21.39     8.732     10.46      2.18     2.496
        k+               533.9     560.1     518.8     445.8     366.7     300.6       214     133.8
        k-               4.949     5.561     8.703     4.037     3.041     0.936    0.3126    0.6205
       mu+                   0         0         0         0         0         0         0         0
       mu-                   0         0         0         0         0         0         0         0
   unknown               473.7       561     371.6     185.2     92.49     36.46     17.35      8.26
---------------
       pi+               10.92     7.907     3.456     2.709     1.408         0         0         0
       pi-                   0    0.3274         0         0         0         0         0         0
       k0l               5.194     2.188    0.3907    0.3126         0         0         0         0
        k+               11.88     5.401     2.498     1.668         0    0.3769         0         0
        k-                   0         0         0         0         0         0         0         0
       mu+                   0         0         0         0         0         0         0         0
       mu-                   0         0         0         0         0         0         0         0
      Dirt                   0         0         0         0         0         0         0         0
       Pi0                   0         0         0         0         0         0         0         0
     Delta                   0         0         0         0         0         0         0         0
   unknown           3.854e+04 5.932e+04 5.306e+04 3.717e+04   2.3e+04 1.242e+04      6013      2801
------------------------------------------------------------------------------------------------------------------------
Overflow bin  ( E > 1.9 ) = 3762
Underflow bin ( E < 0 ) = 0
****************************************************************************************


POTWeightCalc
                 POT1127000000000000000000.0000
          n_mc_files      3000.0000
        pot_per_file1083000000000000000.0000

OscWeightCalc
          sin22theta         0.0000
                 dm2         0.0000
             Filter         Iflux filter
      Events passed               117949
         Events cut                12764

****************************************************************************************
Sample name: Nuebar Signal
Input file: ./input/nu18.77_nubar11.27/filtered_AntiNeutrino_nueccqe_Likelihood_Final_Full_Dirtcut_0.hbk.root
fFastHist.size(): 0
Events read: 117949
Weight calculators: 

Nuebar Signal bins       0.2       0.3     0.375     0.475      0.55     0.675       0.8      0.95       1.1      1.25       1.5         3
------------------------------------------------------------------------------------------------------------------------------------------------------
  Nuebar Signal              0         0         0         0         0         0         0         0         0         0         0
---------------
       pi+                   0         0         0         0         0         0         0         0         0         0         0
       pi-                   0         0         0         0         0         0         0         0         0         0         0
       k0l                   0         0         0         0         0         0         0         0         0         0         0
        k+                   0         0         0         0         0         0         0         0         0         0         0
        k-                   0         0         0         0         0         0         0         0         0         0         0
       mu+                   0         0         0         0         0         0         0         0         0         0         0
       mu-                   0         0         0         0         0         0         0         0         0         0         0
   unknown                   0         0         0         0         0         0         0         0         0         0         0
---------------
       pi+                   0         0         0         0         0         0         0         0         0         0         0
       pi-                   0         0         0         0         0         0         0         0         0         0         0
       k0l                   0         0         0         0         0         0         0         0         0         0         0
        k+                   0         0         0         0         0         0         0         0         0         0         0
        k-                   0         0         0         0         0         0         0         0         0         0         0
       mu+                   0         0         0         0         0         0         0         0         0         0         0
       mu-                   0         0         0         0         0         0         0         0         0         0         0
      Dirt                   0         0         0         0         0         0         0         0         0         0         0
       Pi0                   0         0         0         0         0         0         0         0         0         0         0
     Delta                   0         0         0         0         0         0         0         0         0         0         0
   unknown                   0         0         0         0         0         0         0         0         0         0         0
------------------------------------------------------------------------------------------------------------------------------------------------------
Overflow bin  ( E > 3 ) = 0
Underflow bin ( E < 0.2 ) = 0
****************************************************************************************


POTWeightCalc
                 POT1127000000000000000000.0000
          n_mc_files      5000.0000
        pot_per_file5580000000000000000.0000
             Filter         Iflux filter
      Events passed                12764
         Events cut               117949

****************************************************************************************
Sample name: Nuebar MC
Input file: ./input/nu18.77_nubar11.27/filtered_AntiNeutrino_nueccqe_Likelihood_Final_Full_Dirtcut_0.hbk.root
fFastHist.size(): 0
Events read: 12764
Weight calculators: 

 Nuebar MC bins       0.2       0.3     0.375     0.475      0.55     0.675       0.8      0.95       1.1      1.25       1.5         3
------------------------------------------------------------------------------------------------------------------------------------------------------
      Nuebar MC          90.29     53.08      57.1     32.94     43.16     34.17     36.38     28.74     22.34     26.51      42.7
---------------
       pi+               16.17     10.19     9.934     5.328     6.256     4.543     3.764     3.022     2.512     2.547     3.064
       pi-                  62     32.39      31.2     15.75     19.82     13.93      14.5      11.5     8.754     8.926     10.87
       k0l               2.724      3.06     4.584     4.897     7.362     7.352         9     7.733     6.147     9.129     17.19
        k+               5.953     5.538     8.911     5.761     7.924     6.843     7.109      5.26     4.136     4.923     10.34
        k-              0.2146    0.5442    0.4814   0.07115    0.7141    0.6416    0.8285    0.6961    0.4407    0.6132    0.7187
       mu+                   0         0         0         0         0         0         0         0         0         0         0
       mu-                   0         0         0         0         0         0         0         0         0         0         0
   unknown               3.231     1.356     1.986      1.13     1.085    0.8651     1.184    0.5317    0.3489      0.37    0.5116
---------------
       pi+               1.008     1.081     1.846     1.208     2.197     1.914     1.751     1.343     1.205    0.9758     1.622
       pi-               7.095      6.71     9.857     7.011     11.63     9.892     10.88     8.858      7.22     7.817     9.548
       k0l               2.583     2.979     4.552     4.781     7.109     7.217     8.824     7.619     6.089     8.858     16.12
        k+               3.786     4.106      6.98     4.983      7.05     6.198     6.359     4.474     3.503     4.338     6.762
        k-              0.1212    0.2024    0.3193   0.04039    0.6737    0.6416    0.8285    0.6674    0.3558    0.5209    0.5942
       mu+                   0         0         0         0         0         0         0         0         0         0         0
       mu-                   0         0         0         0         0         0         0         0         0         0         0
      Dirt                5.38     2.437     2.972      1.37     1.784    0.4194    0.5183     0.324     0.121    0.1296   0.06479
       Pi0               49.69     20.52     15.17     6.084     5.558      4.24      4.38     3.675     2.953     3.243     7.295
     Delta               8.769     8.693     8.196     3.099     2.207    0.8134    0.2541    0.2775     0.124   0.05832         0
   unknown               11.85     6.346     7.207     4.361     4.948      2.84     2.586       1.5    0.7689    0.5678    0.6874
------------------------------------------------------------------------------------------------------------------------------------------------------
Overflow bin  ( E > 3 ) = 1.014
Underflow bin ( E < 0.2 ) = 44.19
****************************************************************************************


POTWeightCalc
                 POT1127000000000000000000.0000
          n_mc_files      5000.0000
        pot_per_file5580000000000000000.0000

****************************************************************************************
Sample name: Numubar MC
Input file: ./input/nu18.77_nubar11.27/filtered_AntiNeutrino_numuccqe_Likelihood_Final_Full_Dirtcut.hbk.root
fFastHist.size(): 0
Events read: 1120009
Weight calculators: 

Numubar MC bins         0       0.5       0.7       0.9       1.1       1.3       1.5       1.7       1.9
------------------------------------------------------------------------------------------------------------------------
     Numubar MC           9999 1.346e+04  1.13e+04      7605      4332      2126     891.2       337
---------------
       pi+                1669      2345      2008      1449     970.3     590.9     316.8       152
       pi-                7752 1.043e+04      8761      5828      3178      1435     522.4     159.6
       k0l               20.33     23.04     18.29     12.23     7.699     4.946     2.512     1.705
        k+               156.4     215.8     197.2       138     87.72      59.3     34.77     18.87
        k-               8.366     10.89     12.73     13.89     11.26      8.11     5.056     2.006
       mu+                   0         0         0         0         0         0         0         0
       mu-                   0         0         0         0         0         0         0         0
   unknown                 392       435     300.9     163.6     76.45     26.97     9.689     2.732
---------------
       pi+              0.5481    0.1651    0.1669   0.06167      0.14         0   0.04588         0
       pi-               1.536    0.6685    0.1071         0    0.2093    0.1017         0         0
       k0l               3.059      1.44    0.6886    0.3304    0.1682    0.2121   0.04864    0.1336
        k+               2.227    0.9422    0.3638    0.2484   0.08866   0.04861         0         0
        k-             0.04039   0.04039         0         0         0         0         0         0
       mu+                   0         0         0         0         0         0         0         0
       mu-                   0         0         0         0         0         0         0         0
      Dirt                   0         0         0         0         0         0         0         0
       Pi0                   0         0         0         0         0         0         0         0
     Delta                   0   0.05809         0         0         0         0         0         0
   unknown                9992 1.346e+04  1.13e+04      7604      4331      2125     891.1     336.9
------------------------------------------------------------------------------------------------------------------------
Overflow bin  ( E > 1.9 ) = 327.5
Underflow bin ( E < 0 ) = 0
****************************************************************************************

******************************************************************
Data samples (fDataSampleList) included in the fit: 
Nue Data, Numu Data, Nuebar Data, Numubar Data, 

****************************************************************************************
Sample name: Nue Data
Input file: ./input/nu18.77_nubar11.27//data_nue_18.77_E2pct.root
fFastHist.size(): 0
Events read: 3444
Weight calculators: 

  Nue Data bins       0.2       0.3     0.375     0.475      0.55     0.675       0.8      0.95       1.1      1.25       1.5         3
------------------------------------------------------------------------------------------------------------------------------------------------------
       Nue Data            720       415       433       242       278       227       195       161       134       138       183
---------------
       pi+                   0         0         0         0         0         0         0         0         0         0         0
       pi-                   0         0         0         0         0         0         0         0         0         0         0
       k0l                   0         0         0         0         0         0         0         0         0         0         0
        k+                   0         0         0         0         0         0         0         0         0         0         0
        k-                   0         0         0         0         0         0         0         0         0         0         0
       mu+                   0         0         0         0         0         0         0         0         0         0         0
       mu-                   0         0         0         0         0         0         0         0         0         0         0
   unknown                 720       415       433       242       278       227       195       161       134       138       183
---------------
       pi+                   0         0         0         0         0         0         0         0         0         0         0
       pi-                   0         0         0         0         0         0         0         0         0         0         0
       k0l                   0         0         0         0         0         0         0         0         0         0         0
        k+                   0         0         0         0         0         0         0         0         0         0         0
        k-                   0         0         0         0         0         0         0         0         0         0         0
       mu+                   0         0         0         0         0         0         0         0         0         0         0
       mu-                   0         0         0         0         0         0         0         0         0         0         0
      Dirt                   0         0         0         0         0         0         0         0         0         0         0
       Pi0                   0         0         0         0         0         0         0         0         0         0         0
     Delta                   0         0         0         0         0         0         0         0         0         0         0
   unknown                 720       415       433       242       278       227       195       161       134       138       183
------------------------------------------------------------------------------------------------------------------------------------------------------
Overflow bin  ( E > 3 ) = 2
Underflow bin ( E < 0.2 ) = 316
****************************************************************************************


****************************************************************************************
Sample name: Numu Data
Input file: ./input/nu18.77_nubar11.27//data_numu_18.77_E2pct.root
fFastHist.size(): 0
Events read: 339394
Weight calculators: 

 Numu Data bins         0       0.5       0.7       0.9       1.1       1.3       1.5       1.7       1.9
------------------------------------------------------------------------------------------------------------------------
      Numu Data      5.512e+04 8.749e+04 7.774e+04 5.404e+04 3.217e+04 1.671e+04      7753      3731
---------------
       pi+                   0         0         0         0         0         0         0         0
       pi-                   0         0         0         0         0         0         0         0
       k0l                   0         0         0         0         0         0         0         0
        k+                   0         0         0         0         0         0         0         0
        k-                   0         0         0         0         0         0         0         0
       mu+                   0         0         0         0         0         0         0         0
       mu-                   0         0         0         0         0         0         0         0
   unknown           5.512e+04 8.749e+04 7.774e+04 5.404e+04 3.217e+04 1.671e+04      7753      3731
---------------
       pi+                   0         0         0         0         0         0         0         0
       pi-                   0         0         0         0         0         0         0         0
       k0l                   0         0         0         0         0         0         0         0
        k+                   0         0         0         0         0         0         0         0
        k-                   0         0         0         0         0         0         0         0
       mu+                   0         0         0         0         0         0         0         0
       mu-                   0         0         0         0         0         0         0         0
      Dirt                   0         0         0         0         0         0         0         0
       Pi0                   0         0         0         0         0         0         0         0
     Delta                   0         0         0         0         0         0         0         0
   unknown           5.512e+04 8.749e+04 7.774e+04 5.404e+04 3.217e+04 1.671e+04      7753      3731
------------------------------------------------------------------------------------------------------------------------
Overflow bin  ( E > 1.9 ) = 4645
Underflow bin ( E < 0 ) = 0
****************************************************************************************


****************************************************************************************
Sample name: Nuebar Data
Input file: ./input/nu18.77_nubar11.27//data_nuebar_mar12.root
fFastHist.size(): 0
Events read: 607
Weight calculators: 

Nuebar Data bins       0.2       0.3     0.375     0.475      0.55     0.675       0.8      0.95       1.1      1.25       1.5         3
------------------------------------------------------------------------------------------------------------------------------------------------------
    Nuebar Data            122        70        65        43        57        39        37        23        22        30        43
---------------
       pi+                   0         0         0         0         0         0         0         0         0         0         0
       pi-                   0         0         0         0         0         0         0         0         0         0         0
       k0l                   0         0         0         0         0         0         0         0         0         0         0
        k+                   0         0         0         0         0         0         0         0         0         0         0
        k-                   0         0         0         0         0         0         0         0         0         0         0
       mu+                   0         0         0         0         0         0         0         0         0         0         0
       mu-                   0         0         0         0         0         0         0         0         0         0         0
   unknown                 122        70        65        43        57        39        37        23        22        30        43
---------------
       pi+                   0         0         0         0         0         0         0         0         0         0         0
       pi-                   0         0         0         0         0         0         0         0         0         0         0
       k0l                   0         0         0         0         0         0         0         0         0         0         0
        k+                   0         0         0         0         0         0         0         0         0         0         0
        k-                   0         0         0         0         0         0         0         0         0         0         0
       mu+                   0         0         0         0         0         0         0         0         0         0         0
       mu-                   0         0         0         0         0         0         0         0         0         0         0
      Dirt                   0         0         0         0         0         0         0         0         0         0         0
       Pi0                   0         0         0         0         0         0         0         0         0         0         0
     Delta                   0         0         0         0         0         0         0         0         0         0         0
   unknown                 122        70        65        43        57        39        37        23        22        30        43
------------------------------------------------------------------------------------------------------------------------------------------------------
Overflow bin  ( E > 3 ) = 4
Underflow bin ( E < 0.2 ) = 52
****************************************************************************************


****************************************************************************************
Sample name: Numubar Data
Input file: ./input/nu18.77_nubar11.27//data_numubar_mar12.root
fFastHist.size(): 0
Events read: 50770
Weight calculators: 

Numubar Data bins         0       0.5       0.7       0.9       1.1       1.3       1.5       1.7       1.9
------------------------------------------------------------------------------------------------------------------------
   Numubar Data           9481 1.358e+04 1.131e+04      7667      4682      2371       985       380
---------------
       pi+                   0         0         0         0         0         0         0         0
       pi-                   0         0         0         0         0         0         0         0
       k0l                   0         0         0         0         0         0         0         0
        k+                   0         0         0         0         0         0         0         0
        k-                   0         0         0         0         0         0         0         0
       mu+                   0         0         0         0         0         0         0         0
       mu-                   0         0         0         0         0         0         0         0
   unknown                9481 1.358e+04 1.131e+04      7667      4682      2371       985       380
---------------
       pi+                   0         0         0         0         0         0         0         0
       pi-                   0         0         0         0         0         0         0         0
       k0l                   0         0         0         0         0         0         0         0
        k+                   0         0         0         0         0         0         0         0
        k-                   0         0         0         0         0         0         0         0
       mu+                   0         0         0         0         0         0         0         0
       mu-                   0         0         0         0         0         0         0         0
      Dirt                   0         0         0         0         0         0         0         0
       Pi0                   0         0         0         0         0         0         0         0
     Delta                   0         0         0         0         0         0         0         0
   unknown                9481 1.358e+04 1.131e+04      7667      4682      2371       985       380
------------------------------------------------------------------------------------------------------------------------
Overflow bin  ( E > 1.9 ) = 315
Underflow bin ( E < 0 ) = 0
****************************************************************************************

   Background sample       Signal sample  (fBackgroundSignal pairs)
----------------------------------------
              Nue MC          Nue Signal
           Nuebar MC       Nuebar Signal


******************************************************************
Matrices included in the fit: 
MC stat
beamunisims
ccpiq2rewt
dirt
hadronic
k0prod
kmprod
kpprod
mcunisims_smoothed
opticalmodel
pi0yield_common_det
pi0yield_statbkg
pimprodrawaboutsw
pipprodrawaboutsw
xsec
******************************************************************
Running algorithms: 
Algorithm: Fit

   Parameter       N       Min       Max  Best Fit   Current
------------------------------------------------------------
         dm2     190      0.01       100      0.01      0.01
  sin22theta     190    0.0003         1    0.0003    0.0003


 Bin Vector: 
      0.2      0.3    0.375    0.475     0.55    0.675      0.8     0.95      1.1     1.25      1.5        3      0.2      0.3    0.375    0.475     0.55    0.675      0.8     0.95      1.1     1.25      1.5        3        0      0.5      0.7      0.9      1.1      1.3      1.5      1.7      1.9      0.2      0.3    0.375    0.475     0.55    0.675      0.8     0.95      1.1     1.25      1.5        3      0.2      0.3    0.375    0.475     0.55    0.675      0.8     0.95      1.1     1.25      1.5        3        0      0.5      0.7      0.9      1.1      1.3      1.5      1.7      1.9
 Event Vector: 
  8863.28  10119.9  19513.2  16250.4  29020.1  27364.9  28163.1  22067.9  16757.6    16286  12564.1  361.002  216.002  239.437  127.518  179.035  133.902   139.02  113.447  81.2045  98.6039  137.953  38564.2  59339.4  53069.5  37171.3  23002.2  12423.4  6012.85   2801.3  2336.04  2562.23  4228.26  3562.56  6021.71  5612.44  5894.39   4707.1  3527.22  3554.73  2788.16  90.2899  53.0776  57.0988  32.9379  43.1591  34.1743  36.3835  28.7378  22.3393  26.5091  42.6978  9998.96  13461.3  11298.2  7604.96  4331.89  2125.54  891.223  336.987
 Collapsed Event Vector: 
  361.002  216.002  239.437  127.518  179.035  133.902   139.02  113.447  81.2045  98.6039  137.953  38564.2  59339.4  53069.5  37171.3  23002.2  12423.4  6012.85   2801.3  90.2899  53.0776  57.0988  32.9379  43.1591  34.1743  36.3835  28.7378  22.3393  26.5091  42.6978  9998.96  13461.3  11298.2  7604.96  4331.89  2125.54  891.223  336.987
 Data Vector: 
      720      415      433      242      278      227      195      161      134      138      183    55116    87488    77742    54038    32169    16712     7753     3731      122       70       65       43       57       39       37       23       22       30       43     9481    13581    11308     7667     4682     2371      985      380

AlgoFit::Run fIter = 0
-------------------------------------------------------------------------------
Completed Iteration 1
Matrix calculated using: 
         dm2 =       0.01
  sin22theta =     0.0003
Best Fit Parameters: 
         dm2 =       0.0452986
  sin22theta =               1
Min chi2 = 389.971
Chi2 on last iteration =    562.202
Calculated with current matrix at 
         dm2 =       0.01
  sin22theta =     0.0003


*********************************************************************************
* Errors calculated for:                                                        *
*        dm2                 0.0100                                                 *
* sin22theta                 0.0003                                                 *
*********************************************************************************

******************************************************************
Error matrix for constrained part of the matrix
Number of bins:  22 * 22
 1:         2119       440.1       363.7       69.39       130.1        -131      -265.4      -230.4      -248.9      -199.4      -127.3       230.7       30.77       40.21      -30.27      -60.01      -20.94       6.456      -46.12       10.39      -27.88      -33.46
 2:        440.1       766.7       173.1       142.8       53.65      -14.87      -113.9       5.863      -154.4      -14.95      -186.9       62.79       6.314      -13.82        7.57      -5.513       17.11      -6.052      -8.354      -8.483      -11.29      -10.18
 3:        363.7       173.1       929.3       12.29       124.6       19.95      -57.58      -3.009      -2.031      -39.81       30.68       48.44       19.46       43.72      -21.76       -13.2     -0.3425       15.31       5.762       -4.63      -30.77      -21.79
 4:        69.39       142.8       12.29       381.5       19.35        34.7       39.93       18.37       14.73       30.35       34.46       5.052      -3.255       5.479       22.23       20.87       20.42       27.22       10.28       5.914        -2.8      -9.638
 5:        130.1       53.65       124.6       19.35         641      -13.56       82.91       26.45       80.09         144       150.7      -30.89       2.687       19.09      -2.492       20.64       12.92       25.09       19.51       14.83       2.865       17.77
 6:         -131      -14.87       19.95        34.7      -13.56       427.2       158.4       87.59       71.65       78.95       136.2      -29.47      -11.86        15.8        10.2       34.47       24.18        36.4        15.7       12.04       16.55       26.86
 7:       -265.4      -113.9      -57.58       39.93       82.91       158.4         551       157.4       128.3       140.9       255.1      -57.89      -9.341       27.34      0.7024       49.88       21.36       32.77       19.57       27.82       25.03       8.176
 8:       -230.4       5.863      -3.009       18.37       26.45       87.59       157.4       359.4       41.33       140.4       71.54      -54.77      -24.35      -7.027       21.92       17.28       29.97       27.81       13.25       17.95       9.163       8.746
 9:       -248.9      -154.4      -2.031       14.73       80.09       71.65       128.3       41.33       338.9         155       252.5      -68.71       2.826       12.57       12.93       40.33       17.81       28.35       21.56       19.02       15.99       28.45
10:       -199.4      -14.95      -39.81       30.35         144       78.95       140.9       140.4         155       427.9       221.1      -100.1       7.551      -17.22       18.38       22.96       35.46       43.71        30.8       24.82      -2.547       22.57
11:       -127.3      -186.9       30.68       34.46       150.7       136.2       255.1       71.54       252.5       221.1       817.8      -86.21      -6.479       33.95       8.107       65.27       43.61       81.48       47.65       43.29       35.67       40.46
12:        230.7       62.79       48.44       5.052      -30.89      -29.47      -57.89      -54.77      -68.71      -100.1      -86.21       157.3       23.18       11.31      -2.248      -13.12      -8.951      -8.375      -9.171      -2.101      -4.379       -6.82
13:        30.77       6.314       19.46      -3.255       2.687      -11.86      -9.341      -24.35       2.826       7.551      -6.479       23.18        67.2       8.366       4.782      -7.307     -0.5332     -0.2938       4.181      -1.675      0.6834       2.404
14:        40.21      -13.82       43.72       5.479       19.09        15.8       27.34      -7.027       12.57      -17.22       33.95       11.31       8.366       67.46      -3.302        12.4       5.741       6.564       3.599       3.147       1.069        3.15
15:       -30.27        7.57      -21.76       22.23      -2.492        10.2      0.7024       21.92       12.93       18.38       8.107      -2.248       4.782      -3.302       36.35       5.177       4.641       5.863        2.25       5.145       5.858        3.62
16:       -60.01      -5.513       -13.2       20.87       20.64       34.47       49.88       17.28       40.33       22.96       65.27      -13.12      -7.307        12.4       5.177       65.22       10.45          10       5.739       5.851       6.359       3.505
17:       -20.94       17.11     -0.3425       20.42       12.92       24.18       21.36       29.97       17.81       35.46       43.61      -8.951     -0.5332       5.741       4.641       10.45       47.21       11.11       13.15       5.249       3.684       7.587
18:        6.456      -6.052       15.31       27.22       25.09        36.4       32.77       27.81       28.35       43.71       81.48      -8.375     -0.2938       6.564       5.863          10       11.11       51.49       11.99       7.975       6.272       11.39
19:       -46.12      -8.354       5.762       10.28       19.51        15.7       19.57       13.25       21.56        30.8       47.65      -9.171       4.181       3.599        2.25       5.739       13.15       11.99       37.48       3.883       6.486       15.27
20:        10.39      -8.483       -4.63       5.914       14.83       12.04       27.82       17.95       19.02       24.82       43.29      -2.101      -1.675       3.147       5.145       5.851       5.249       7.975       3.883       26.59       8.102       10.24
21:       -27.88      -11.29      -30.77        -2.8       2.865       16.55       25.03       9.163       15.99      -2.547       35.67      -4.379      0.6834       1.069       5.858       6.359       3.684       6.272       6.486       8.102       38.75       23.47
22:       -33.46      -10.18      -21.79      -9.638       17.77       26.86       8.176       8.746       28.45       22.57       40.46       -6.82       2.404        3.15        3.62       3.505       7.587       11.39       15.27       10.24       23.47       87.52

------------------------------------------
Constrained CHI2 Null       =  113.47900
Constrained LIKELIHOOD Null =  223.71719
------------------------------------------
*********************************************************************************
* Errors calculated for:                                                        *
*        dm2                 0.0453                                                 *
* sin22theta                 1.0000                                                 *
*********************************************************************************

******************************************************************
Error matrix for constrained part of the matrix
Number of bins:  22 * 22
 1:         2517       563.3       584.8       62.45       126.4      -116.5      -220.8      -314.7      -222.7        -203      -86.84       269.3       74.95       83.57      -32.68      -39.78      -15.08       14.06      -44.08       11.62      -29.03      -39.42
 2:        563.3       898.4       248.1       179.6       95.88       53.39      -75.19      -15.35      -120.6      -2.831      -136.8       69.59       32.93       20.78       5.904        14.3       32.84       1.147       2.569      -12.93      -9.198      -15.82
 3:        584.8       248.1        1178       43.53       212.6       88.37      -7.911       -23.2       37.79      -13.45       91.01       51.69          43        75.5      -21.41       1.544       16.24       23.83       12.47      -1.207      -32.66      -22.17
 4:        62.45       179.6       43.53       487.9       12.14       70.18       52.77        33.1       32.69       37.21        43.1       13.46      -2.209       16.57       22.81       30.83       25.69       31.36       12.76       4.285      -6.316      -11.41
 5:        126.4       95.88       212.6       12.14         734       3.962       120.8       71.48       92.27       176.5       153.6      -39.79       7.506       20.86       1.618       29.23       21.41       27.96       24.94       16.91     -0.1057       13.01
 6:       -116.5       53.39       88.37       70.18       3.962       506.9       202.2       116.4       94.04       101.6       153.2         -35      -12.92        17.3       12.68       44.94       33.05        41.9       21.27       13.89       15.58       26.43
 7:       -220.8      -75.19      -7.911       52.77       120.8       202.2       649.1       177.2       153.4       160.7       280.9      -68.21      -6.347       29.08      -1.132       58.99        28.1       38.42       24.16       29.96       26.43       8.859
 8:       -314.7      -15.35       -23.2        33.1       71.48       116.4       177.2       386.1       54.93       150.8       83.26      -68.89      -28.42      -7.022       19.98       20.83       33.64       29.28       16.59       18.29       9.809       6.202
 9:       -222.7      -120.6       37.79       32.69       92.27       94.04       153.4       54.93       371.5         163       256.6      -65.13      0.3349       14.07       12.31       44.56       18.56       30.31       22.72       20.42       17.67        30.6
10:         -203      -2.831      -13.45       37.21       176.5       101.6       160.7       150.8         163       442.5         227      -104.5       4.381      -18.63       17.47       23.44       37.06       46.33       31.93       25.88      -1.227       22.91
11:       -86.84      -136.8       91.01        43.1       153.6       153.2       280.9       83.26       256.6         227       826.4      -79.23      -4.164       34.35       9.762       67.84       44.46       80.76       47.42       44.83       36.09       40.79
12:        269.3       69.59       51.69       13.46      -39.79         -35      -68.21      -68.89      -65.13      -104.5      -79.23       199.7       31.43       17.22     -0.2891      -9.647      -7.136      -7.909      -9.297      -2.279       -3.97      -7.352
13:        74.95       32.93          43      -2.209       7.506      -12.92      -6.347      -28.42      0.3349       4.381      -4.164       31.43       90.97       13.32       5.425      -5.521      0.8142     -0.2446       3.565      -1.689    -0.08391       0.273
14:        83.57       20.78        75.5       16.57       20.86        17.3       29.08      -7.022       14.07      -18.63       34.35       17.22       13.32       89.58      -2.184       14.64       7.584       5.988         4.2       3.663       1.418       1.991
15:       -32.68       5.904      -21.41       22.81       1.618       12.68      -1.132       19.98       12.31       17.47       9.762     -0.2891       5.425      -2.184       46.27       5.838       4.894       6.341       3.778       4.751       5.685       4.028
16:       -39.78        14.3       1.544       30.83       29.23       44.94       58.99       20.83       44.56       23.44       67.84      -9.647      -5.521       14.64       5.838       81.24       12.63       10.65       6.579       6.379       6.698       3.394
17:       -15.08       32.84       16.24       25.69       21.41       33.05        28.1       33.64       18.56       37.06       44.46      -7.136      0.8142       7.584       4.894       12.63       57.35        11.4       13.85       5.468       3.618       7.227
18:        14.06       1.147       23.83       31.36       27.96        41.9       38.42       29.28       30.31       46.33       80.76      -7.909     -0.2446       5.988       6.341       10.65        11.4       57.88        12.2       8.305       6.217       11.39
19:       -44.08       2.569       12.47       12.76       24.94       21.27       24.16       16.59       22.72       31.93       47.42      -9.297       3.565         4.2       3.778       6.579       13.85        12.2        41.6       4.147        6.68       15.29
20:        11.62      -12.93      -1.207       4.285       16.91       13.89       29.96       18.29       20.42       25.88       44.83      -2.279      -1.689       3.663       4.751       6.379       5.468       8.305       4.147       28.96       8.237       10.24
21:       -29.03      -9.198      -32.66      -6.316     -0.1057       15.58       26.43       9.809       17.67      -1.227       36.09       -3.97    -0.08391       1.418       5.685       6.698       3.618       6.217        6.68       8.237       40.65        23.7
22:       -39.42      -15.82      -22.17      -11.41       13.01       26.43       8.859       6.202        30.6       22.91       40.79      -7.352       0.273       1.991       4.028       3.394       7.227       11.39       15.29       10.24        23.7       88.57

------------------------------------------
Constrained CHI2 BF       =   42.80640
Constrained LIKELIHOOD BF =  156.53317
------------------------------------------
