Set GlobalLogLevel to kInfo
Set GlobalDebuglevel to 0 if log level is larger or equal than debug(4)
Doing a Likelihood fit
ROOT output = ./output/fit_oct19_contNunubar_NueLastNotAsConstrain
Log  output = ./output/logs/fit_oct19_contNunubar_NueLastNotAsConstrain.log
XML  backup = ./output/output_xml/fit_oct19_contNunubar_NueLastNotAsConstrain.xml
--------------------------------------------------
Loading MC
--------------------------------------------------
Loading Data
--------------------------------------------------
Loading Matrices
FitMaster::Correcting diagonal elements of opticalmodel
FitMaster::Multisim cv:
     Nue Signal   86.447   119.95   236.55   447.75    418.7      314   447.75   425.91   287.72   709.67   570.25   155.62   294.88   112.42   325.02   164.32    101.9   76.522
         Nue MC   210.03   203.48   298.77   317.08   202.22   114.46   147.31   123.04   81.174   200.83   174.91   43.669   81.577    35.49   122.28   77.699     59.2   97.121
        Numu MC    23679    36781    45838    47332    44589    39406    32754    26240    20514    15763    11454   8095.5     5700   3791.4   2559.6     1827   5970.3
  Nuebar Signal   12.807    16.37   31.085   54.734   44.571   30.278   45.497   43.672   27.852   78.664   63.704   16.635   27.609   12.512    31.81   17.352    8.174   5.1057
      Nuebar MC   34.881    32.54   43.303    46.39    32.39   17.681   24.338   21.176   13.021   33.444   28.133   9.0772   14.542   5.8599   20.875   16.083   10.681   15.976
     Numubar MC   4174.5     5911   6779.2   6691.8   6083.6   5243.6   4288.4   3338.5   2505.5   1818.4   1268.9    854.5   545.65   334.11    203.9   128.06   322.04

FitMaster::MC cv:
     Nue Signal         0         0         0         0         0         0         0         0         0         0         0         0         0         0         0         0         0         0
         Nue MC    267.04  260.1246  315.4237  349.6448   186.212  116.7977  144.6441  129.8864  65.64783  203.0087  165.6644  43.43393  75.14743  31.95602  112.0334    64.555  47.26866   89.6267
        Numu MC  22071.52  34243.05   42579.9  44072.27  41343.04  36153.34  30014.77   24265.8  19001.54  14588.05  10634.65  7506.944  5204.251  3576.189  2373.354  1717.323  5493.247
  Nuebar Signal         0         0         0         0         0         0         0         0         0         0         0         0         0         0         0         0         0         0
      Nuebar MC  46.24254  44.04736   53.0776   57.0988  32.93794  18.07729  25.08178  21.98314  12.19118  36.38354  28.73781  7.362085  14.97722  6.410992  20.09808  16.70848  11.05185  14.93746
     Numubar MC  4148.345  5850.613  6792.016  6669.286  6045.516  5252.724  4282.104  3322.856  2503.933  1827.954  1255.057  870.4799  550.7377  340.4849  210.2119  126.7752  327.5392



FitMaster::Correcting mattrix elements
bin 	 FracM 	 EventVector 	        FracM_CV_POTscaled 		 FracM_scaled
------------------------------- Nue MC -------------------------------
 18   0.031695   267.0400      210.0325/2.9020=    72.3751      0.021623
 19   0.035086   260.1246      203.4802/2.9020=    70.1172      0.024668
 20   0.015347   315.4237      298.7683/2.9020=   102.9525      0.008804
 21   0.015873   349.6448      317.0794/2.9020=   109.2624      0.009580
 22   0.020002   186.2120      202.2239/2.9020=    69.6843      0.011022
 23   0.034841   116.7977      114.4614/2.9020=    39.4423      0.018049
 24   0.030497   144.6441      147.3108/2.9020=    50.7618      0.017711
 25   0.030047   129.8864      123.0430/2.9020=    42.3994      0.014161
 26   0.038010    65.6478       81.1737/2.9020=    27.9716      0.017492
 27   0.019484   203.0087      200.8284/2.9020=    69.2034      0.009960
 28   0.020364   165.6644      174.9126/2.9020=    60.2731      0.009809
 29   0.119702    43.4339       43.6692/2.9020=    15.0480      0.076272
 30   0.052229    75.1474       81.5767/2.9020=    28.1105      0.029962
 31   0.104007    31.9560       35.4896/2.9020=    12.2294      0.053529
 32   0.031265   112.0334      122.2775/2.9020=    42.1356      0.016458
 33   0.069935    64.5550       77.6988/2.9020=    26.7742      0.048076
 34   0.051699    47.2687       59.2003/2.9020=    20.3998      0.023834
 35   0.055003    89.6267       97.1209/2.9020=    33.4669      0.036280
------------------------------- Numu MC -------------------------------
 36   0.003932 22071.5216    23679.0901/2.9020=  8159.5762      0.003855
 37   0.003331 34243.0486    36780.7130/2.9020= 12674.2636      0.003282
 38   0.002300 42579.9039    45837.9371/2.9020= 15795.2919      0.002261
 39   0.001823 44072.2651    47331.8340/2.9020= 16310.0737      0.001784
 40   0.000995 41343.0362    44589.4894/2.9020= 15365.0894      0.000954
 41   0.000961 36153.3415    39406.1903/2.9020= 13578.9767      0.000915
 42   0.001052 30014.7724    32753.5661/2.9020= 11286.5493      0.000996
 43   0.000974 24265.8023    26240.3515/2.9020=  9042.1611      0.000905
 44   0.000917 19001.5390    20514.0398/2.9020=  7068.9317      0.000828
 45   0.001505 14588.0538    15762.8270/2.9020=  5431.7116      0.001390
 46   0.001572 10634.6472    11453.5645/2.9020=  3946.7831      0.001413
 47   0.002488  7506.9444     8095.4598/2.9020=  2789.6140      0.002263
 48   0.006477  5204.2510     5699.9641/2.9020=  1964.1503      0.006160
 49   0.007112  3576.1886     3791.3986/2.9020=  1306.4778      0.006626
 50   0.008169  2373.3538     2559.5668/2.9020=   882.0010      0.007457
 51   0.010035  1717.3227     1826.9981/2.9020=   629.5651      0.009029
 52   0.011584  5493.2466     5970.2877/2.9020=  2057.3011      0.011280
------------------------------- Nuebar MC -------------------------------
 71   0.013716    46.2425       34.8812/0.5384=    64.7869      0.023344
 72   0.022589    44.0474       32.5401/0.5384=    60.4386      0.028746
 73   0.019356    53.0776       43.3028/0.5384=    80.4287      0.025763
 74   0.017999    57.0988       46.3902/0.5384=    86.1631      0.023907
 75   0.016468    32.9379       32.3896/0.5384=    60.1589      0.030515
 76   0.038079    18.0773       17.6814/0.5384=    32.8406      0.062947
 77   0.026242    25.0818       24.3383/0.5384=    45.2048      0.043990
 78   0.019440    21.9831       21.1763/0.5384=    39.3319      0.051474
 79   0.034337    12.1912       13.0213/0.5384=    24.1852      0.089037
 80   0.014522    36.3835       33.4440/0.5384=    62.1175      0.029062
 81   0.019668    28.7378       28.1329/0.5384=    52.2528      0.035328
 82   0.074719     7.3621        9.0772/0.5384=    16.8595      0.151237
 83   0.034154    14.9772       14.5420/0.5384=    27.0097      0.069638
 84   0.084059     6.4110        5.8599/0.5384=    10.8840      0.163801
 85   0.028018    20.0981       20.8751/0.5384=    38.7725      0.051982
 86   0.041184    16.7085       16.0833/0.5384=    29.8723      0.067558
 87   0.056719    11.0519       10.6811/0.5384=    19.8386      0.096795
 88   0.050407    14.9375       15.9762/0.5384=    29.6735      0.083653
------------------------------- Numubar MC -------------------------------
 89   0.001174  4148.3449     4174.4697/0.5384=  7753.4728      0.001286
 90   0.001283  5850.6125     5911.0402/0.5384= 10978.9009      0.001363
 91   0.000993  6792.0158     6779.2246/0.5384= 12591.4275      0.001061
 92   0.000716  6669.2861     6691.8301/0.5384= 12429.1050      0.000785
 93   0.000499  6045.5165     6083.6386/0.5384= 11299.4773      0.000576
 94   0.000551  5252.7240     5243.6383/0.5384=  9739.2985      0.000639
 95   0.000670  4282.1045     4288.3554/0.5384=  7964.9988      0.000778
 96   0.000965  3322.8559     3338.5434/0.5384=  6200.8608      0.001105
 97   0.000889  2503.9330     2505.4507/0.5384=  4653.5116      0.001073
 98   0.001085  1827.9540     1818.4443/0.5384=  3377.4968      0.001336
 99   0.002255  1255.0572     1268.9238/0.5384=  2356.8421      0.002628
100   0.004825   870.4799      854.4959/0.5384=  1587.1024      0.005344
101   0.008237   550.7377      545.6476/0.5384=  1013.4613      0.009066
102   0.008269   340.4849      334.1060/0.5384=   620.5534      0.009594
103   0.011507   210.2119      203.8967/0.5384=   378.7086      0.013624
104   0.011859   126.7752      128.0619/0.5384=   237.8563      0.015543
105   0.009812   327.5392      322.0392/0.5384=   598.1411      0.011193

Setting AddStatError to false
Setting AddMCStatError to true
Setting AddSignalStatError to true
Adding MC stat
Adding beamunisims
Adding ccpiq2rewt
W-Matrix ccpiq2rewt NOT POS DEF! Minimum eigenvalue is -1.629e-26 while minimum diag term is 0.000e+00 Nothing Added!
Adding dirt
W-Matrix dirt NOT POS DEF! Minimum eigenvalue is -1.954e-22 while minimum diag term is 0.000e+00 Nothing Added!
Adding hadronic
Adding k0prod
W-Matrix k0prod NOT POS DEF! Minimum eigenvalue is -3.052e-22 while minimum diag term is 0.000e+00 Nothing Added!
Adding kmprod
W-Matrix kmprod NOT POS DEF! Minimum eigenvalue is -2.857e-23 while minimum diag term is 0.000e+00 Nothing Added!
Adding kpprod
Adding mcunisims_smoothed
W-Matrix mcunisims_smoothed NOT POS DEF! Minimum eigenvalue is -7.010e-18 while minimum diag term is 5.705e-05 Nothing Added!
Adding opticalmodel
W-Matrix opticalmodel NOT POS DEF! Minimum eigenvalue is -1.266e-02 while minimum diag term is 5.757e-04 Nothing Added!
Adding pi0yield_common_det
W-Matrix pi0yield_common_det NOT POS DEF! Minimum eigenvalue is -5.924e-22 while minimum diag term is 0.000e+00 Nothing Added!
Adding pi0yield_statbkg
W-Matrix pi0yield_statbkg NOT POS DEF! Minimum eigenvalue is -1.973e-23 while minimum diag term is 0.000e+00 Nothing Added!
Adding pimprodrawaboutsw
W-Matrix pimprodrawaboutsw NOT POS DEF! Minimum eigenvalue is -2.655e-22 while minimum diag term is 0.000e+00 Nothing Added!
Adding pipprodrawaboutsw
Adding xsec
W-Matrix Total Fractional Error Matrix NOT POS DEF! Minimum eigenvalue is -4.626e-03 while minimum diag term is 1.765e-02 Nothing Added!
--------------------------------------------------
Setting rebin vectors
*********************************************************************************
FitMaster::Rebin
Nue Signal
1, 1, 2, 3, 4, 5, 5, 6, 6, 7, 8, 9, 9, 10, 10, 11, 11, 11, 
Nue MC
1, 1, 2, 3, 4, 5, 5, 6, 6, 7, 8, 9, 9, 10, 10, 11, 11, 11, 
Numu MC
-1, -1, -2, -2, -3, -3, -4, -4, -5, -5, -6, -6, -7, -7, -8, -8, 0, 
Nuebar Signal
1, 1, 2, 3, 4, 5, 5, 6, 6, 7, 8, 9, 9, 10, 10, 11, 11, 11, 
Nuebar MC
1, 1, 2, 3, 4, 5, 5, 6, 6, 7, 8, 9, 9, 10, 10, 11, 11, 11, 
Numubar MC
-1, -1, -2, -2, -3, -3, -4, -4, -5, -5, -6, -6, -7, -7, -8, -8, 0, 
full_rebin_vector
1, 1, 2, 3, 4, 5, 5, 6, 6, 7, 8, 9, 9, 10, 10, 11, 11, 11, 12, 12, 13, 14, 15, 16, 16, 17, 17, 18, 19, 20, 20, 21, 21, 22, 22, 22, 23, 23, 24, 24, 25, 25, 26, 26, 27, 27, 28, 28, 29, 29, 30, 30, 0, 31, 31, 32, 33, 34, 35, 35, 36, 36, 37, 38, 39, 39, 40, 40, 41, 41, 41, 42, 42, 43, 44, 45, 46, 46, 47, 47, 48, 49, 50, 50, 51, 51, 52, 52, 52, 53, 53, 54, 54, 55, 55, 56, 56, 57, 57, 58, 58, 59, 59, 60, 60, 0, 
--------------------------------------------------
Configuring fit algorithm
Not doing raster scan.
Histograms will be written into root file.
******************************************************************
MC samples (fMCSampleList) included in the fit: 
Nue Signal, Nue MC, Numu MC, Nuebar Signal, Nuebar MC, Numubar MC, 

POTWeightCalc
                 POT1875000000000000000000.0000
          n_mc_files    314022.0000
        pot_per_file422900000000000.0000

OscWeightCalc
          sin22theta         0.0000
                 dm2         0.0000
             Filter         Iflux filter
      Events passed                17204
         Events cut                 6171

****************************************************************************************
Sample name: Nue Signal
Input file: ./input/nu18.75_nubar11.27/filtered_Neutrino_nueccqe_Likelihood_Final_Full_Dirtcut_0_dirtApr18.root
fFastHist.size(): 0
Events read: 17204
Weight calculators: 

Nue Signal bins       0.2       0.3     0.375     0.475      0.55     0.675       0.8      0.95       1.1      1.25       1.5         3
------------------------------------------------------------------------------------------------------------------------------------------------------
     Nue Signal              0         0         0         0         0         0         0         0         0         0         0
---------------
       pi+                   0         0         0         0         0         0         0         0         0         0         0
       pi-                   0         0         0         0         0         0         0         0         0         0         0
       k0l                   0         0         0         0         0         0         0         0         0         0         0
        k+                   0         0         0         0         0         0         0         0         0         0         0
        k-                   0         0         0         0         0         0         0         0         0         0         0
       mu+                   0         0         0         0         0         0         0         0         0         0         0
       mu-                   0         0         0         0         0         0         0         0         0         0         0
   unknown                   0         0         0         0         0         0         0         0         0         0         0
---------------
       pi+                   0         0         0         0         0         0         0         0         0         0         0
       pi-                   0         0         0         0         0         0         0         0         0         0         0
       k0l                   0         0         0         0         0         0         0         0         0         0         0
        k+                   0         0         0         0         0         0         0         0         0         0         0
        k-                   0         0         0         0         0         0         0         0         0         0         0
       mu+                   0         0         0         0         0         0         0         0         0         0         0
       mu-                   0         0         0         0         0         0         0         0         0         0         0
      Dirt                   0         0         0         0         0         0         0         0         0         0         0
       Pi0                   0         0         0         0         0         0         0         0         0         0         0
     Delta                   0         0         0         0         0         0         0         0         0         0         0
   unknown                   0         0         0         0         0         0         0         0         0         0         0
------------------------------------------------------------------------------------------------------------------------------------------------------
Overflow bin  ( E > 3 ) = 0
Underflow bin ( E < 0.2 ) = 0
****************************************************************************************


POTWeightCalc
                 POT1875000000000000000000.0000
          n_mc_files   9396160.0000
        pot_per_file437200000000000.0000
             Filter         Iflux filter
      Events passed                 6171
         Events cut                17204

****************************************************************************************
Sample name: Nue MC
Input file: ./input/nu18.75_nubar11.27/filtered_Neutrino_nueccqe_Likelihood_Final_Full_Dirtcut_0_dirtApr18.root
fFastHist.size(): 0
Events read: 6171
Weight calculators: 

    Nue MC bins       0.2       0.3     0.375     0.475      0.55     0.675       0.8      0.95       1.1      1.25       1.5         3
------------------------------------------------------------------------------------------------------------------------------------------------------
         Nue MC          527.2     315.4     349.6     186.2     261.4     195.5       203     165.7     118.6       144     201.5
---------------
       pi+               473.2     279.2     295.1     140.3     193.7     133.5     130.4     101.2     71.94     66.14      59.2
       pi-               6.179     3.744     5.595     2.536     3.713     1.297     1.814     2.704     0.893     1.199     2.367
       k0l               6.489     5.019     7.463     8.122     11.34     15.17     11.76     10.81     5.983     13.86     26.29
        k+               36.37     26.49      39.4     32.04     51.36     44.69      56.8     50.04     39.76     60.96     113.2
        k-                   0         0    0.4564         0         0         0         0         0         0    0.4564    0.4428
       mu+                   0         0         0         0         0         0         0         0         0         0         0
       mu-                   0         0         0         0         0         0         0         0         0         0         0
   unknown               4.914     1.013     1.624     3.165     1.369    0.9129     2.223    0.9129         0     1.369         0
---------------
       pi+                39.3     47.24     81.98     55.25     89.84     89.22     87.51     71.16     52.43     53.48      43.2
       pi-                   0    0.4334     1.402    0.5893     1.945    0.9331    0.9788    0.9807     0.893    0.5097     2.022
       k0l               6.489     5.019      6.73     8.122     10.48     15.17     11.76      10.5     5.657     13.86     23.57
        k+               10.63     13.61     25.26     24.98     41.74     36.63     48.71     42.95     35.74     52.15      78.6
        k-                   0         0    0.4564         0         0         0         0         0         0    0.4564         0
       mu+                   0         0         0         0         0         0         0         0         0         0         0
       mu-                   0         0         0         0         0         0         0         0         0         0         0
      Dirt               35.88     19.57     18.75     11.69     11.69     5.164     3.805     2.718    0.5436    0.8154     1.087
       Pi0               300.2       126     99.73     38.58     55.23     28.79     35.24     29.02     19.61     18.85     51.45
     Delta               56.72     60.49     76.87     24.25     19.23     7.446      3.03     1.683    0.7831    0.7497    0.3606
   unknown               77.97     43.08     38.46     22.76      31.3     12.18     11.98     6.657     2.921     3.122     1.168
------------------------------------------------------------------------------------------------------------------------------------------------------
Overflow bin  ( E > 3 ) = 3.908
Underflow bin ( E < 0.2 ) = 261
****************************************************************************************


POTWeightCalc
                 POT1875000000000000000000.0000
          n_mc_files   9396160.0000
        pot_per_file437200000000000.0000

****************************************************************************************
Sample name: Numu MC
Input file: ./input/nu18.75_nubar11.27/filtered_Neutrino_numuccqe_Likelihood_Numu_CCQE_0.hbk.root
fFastHist.size(): 0
Events read: 598842
Weight calculators: 

   Numu MC bins         0       0.5       0.7       0.9       1.1       1.3       1.5       1.7       1.9
------------------------------------------------------------------------------------------------------------------------
        Numu MC      5.631e+04 8.665e+04  7.75e+04 5.428e+04 3.359e+04 1.814e+04      8780      4091
---------------
       pi+           5.408e+04 8.409e+04 7.541e+04 5.282e+04 3.258e+04 1.745e+04      8363      3856
       pi-               718.1     865.8     740.1     497.2     326.3     187.4     75.94      22.9
       k0l               41.03      47.5     36.01     31.24     12.75     15.27     3.184     3.645
        k+               779.7     817.9     757.5       651     535.5       439     312.4     195.4
        k-               7.227     8.121     12.71     5.896      4.44     1.367    0.4564    0.9061
       mu+                   0         0         0         0         0         0         0         0
       mu-                   0         0         0         0         0         0         0         0
   unknown               691.8     819.2     542.6     270.5     135.1     53.24     25.34     12.06
---------------
       pi+               15.94     11.55     5.047     3.957     2.056         0         0         0
       pi-                   0    0.4781         0         0         0         0         0         0
       k0l               7.585     3.195    0.5705    0.4564         0         0         0         0
        k+               17.35     7.888     3.647     2.435         0    0.5504         0         0
        k-                   0         0         0         0         0         0         0         0
       mu+                   0         0         0         0         0         0         0         0
       mu-                   0         0         0         0         0         0         0         0
      Dirt                   0         0         0         0         0         0         0         0
       Pi0                   0         0         0         0         0         0         0         0
     Delta                   0         0         0         0         0         0         0         0
   unknown           5.627e+04 8.663e+04 7.749e+04 5.427e+04 3.359e+04 1.814e+04      8780      4091
------------------------------------------------------------------------------------------------------------------------
Overflow bin  ( E > 1.9 ) = 5493
Underflow bin ( E < 0 ) = 0
****************************************************************************************


POTWeightCalc
                 POT1127000000000000000000.0000
          n_mc_files      3000.0000
        pot_per_file1083000000000000000.0000

OscWeightCalc
          sin22theta         0.0000
                 dm2         0.0000
             Filter         Iflux filter
      Events passed               117949
         Events cut                12764

****************************************************************************************
Sample name: Nuebar Signal
Input file: ./input/nu18.75_nubar11.27/filtered_AntiNeutrino_nueccqe_Likelihood_Final_Full_Dirtcut_0.hbk.root
fFastHist.size(): 0
Events read: 117949
Weight calculators: 

Nuebar Signal bins       0.2       0.3     0.375     0.475      0.55     0.675       0.8      0.95       1.1      1.25       1.5         3
------------------------------------------------------------------------------------------------------------------------------------------------------
  Nuebar Signal              0         0         0         0         0         0         0         0         0         0         0
---------------
       pi+                   0         0         0         0         0         0         0         0         0         0         0
       pi-                   0         0         0         0         0         0         0         0         0         0         0
       k0l                   0         0         0         0         0         0         0         0         0         0         0
        k+                   0         0         0         0         0         0         0         0         0         0         0
        k-                   0         0         0         0         0         0         0         0         0         0         0
       mu+                   0         0         0         0         0         0         0         0         0         0         0
       mu-                   0         0         0         0         0         0         0         0         0         0         0
   unknown                   0         0         0         0         0         0         0         0         0         0         0
---------------
       pi+                   0         0         0         0         0         0         0         0         0         0         0
       pi-                   0         0         0         0         0         0         0         0         0         0         0
       k0l                   0         0         0         0         0         0         0         0         0         0         0
        k+                   0         0         0         0         0         0         0         0         0         0         0
        k-                   0         0         0         0         0         0         0         0         0         0         0
       mu+                   0         0         0         0         0         0         0         0         0         0         0
       mu-                   0         0         0         0         0         0         0         0         0         0         0
      Dirt                   0         0         0         0         0         0         0         0         0         0         0
       Pi0                   0         0         0         0         0         0         0         0         0         0         0
     Delta                   0         0         0         0         0         0         0         0         0         0         0
   unknown                   0         0         0         0         0         0         0         0         0         0         0
------------------------------------------------------------------------------------------------------------------------------------------------------
Overflow bin  ( E > 3 ) = 0
Underflow bin ( E < 0.2 ) = 0
****************************************************************************************


POTWeightCalc
                 POT1127000000000000000000.0000
          n_mc_files      5000.0000
        pot_per_file5580000000000000000.0000
             Filter         Iflux filter
      Events passed                12764
         Events cut               117949

****************************************************************************************
Sample name: Nuebar MC
Input file: ./input/nu18.75_nubar11.27/filtered_AntiNeutrino_nueccqe_Likelihood_Final_Full_Dirtcut_0.hbk.root
fFastHist.size(): 0
Events read: 12764
Weight calculators: 

 Nuebar MC bins       0.2       0.3     0.375     0.475      0.55     0.675       0.8      0.95       1.1      1.25       1.5         3
------------------------------------------------------------------------------------------------------------------------------------------------------
      Nuebar MC          90.29     53.08      57.1     32.94     43.16     34.17     36.38     28.74     22.34     26.51      42.7
---------------
       pi+               16.17     10.19     9.934     5.328     6.256     4.543     3.764     3.022     2.512     2.547     3.064
       pi-                  62     32.39      31.2     15.75     19.82     13.93      14.5      11.5     8.754     8.926     10.87
       k0l               2.724      3.06     4.584     4.897     7.362     7.352         9     7.733     6.147     9.129     17.19
        k+               5.953     5.538     8.911     5.761     7.924     6.843     7.109      5.26     4.136     4.923     10.34
        k-              0.2146    0.5442    0.4814   0.07115    0.7141    0.6416    0.8285    0.6961    0.4407    0.6132    0.7187
       mu+                   0         0         0         0         0         0         0         0         0         0         0
       mu-                   0         0         0         0         0         0         0         0         0         0         0
   unknown               3.231     1.356     1.986      1.13     1.085    0.8651     1.184    0.5317    0.3489      0.37    0.5116
---------------
       pi+               1.008     1.081     1.846     1.208     2.197     1.914     1.751     1.343     1.205    0.9758     1.622
       pi-               7.095      6.71     9.857     7.011     11.63     9.892     10.88     8.858      7.22     7.817     9.548
       k0l               2.583     2.979     4.552     4.781     7.109     7.217     8.824     7.619     6.089     8.858     16.12
        k+               3.786     4.106      6.98     4.983      7.05     6.198     6.359     4.474     3.503     4.338     6.762
        k-              0.1212    0.2024    0.3193   0.04039    0.6737    0.6416    0.8285    0.6674    0.3558    0.5209    0.5942
       mu+                   0         0         0         0         0         0         0         0         0         0         0
       mu-                   0         0         0         0         0         0         0         0         0         0         0
      Dirt                5.38     2.437     2.972      1.37     1.784    0.4194    0.5183     0.324     0.121    0.1296   0.06479
       Pi0               49.69     20.52     15.17     6.084     5.558      4.24      4.38     3.675     2.953     3.243     7.295
     Delta               8.769     8.693     8.196     3.099     2.207    0.8134    0.2541    0.2775     0.124   0.05832         0
   unknown               11.85     6.346     7.207     4.361     4.948      2.84     2.586       1.5    0.7689    0.5678    0.6874
------------------------------------------------------------------------------------------------------------------------------------------------------
Overflow bin  ( E > 3 ) = 1.014
Underflow bin ( E < 0.2 ) = 44.19
****************************************************************************************


POTWeightCalc
                 POT1127000000000000000000.0000
          n_mc_files      5000.0000
        pot_per_file5580000000000000000.0000

****************************************************************************************
Sample name: Numubar MC
Input file: ./input/nu18.75_nubar11.27/filtered_AntiNeutrino_numuccqe_Likelihood_Final_Full_Dirtcut.hbk.root
fFastHist.size(): 0
Events read: 1120009
Weight calculators: 

Numubar MC bins         0       0.5       0.7       0.9       1.1       1.3       1.5       1.7       1.9
------------------------------------------------------------------------------------------------------------------------
     Numubar MC           9999 1.346e+04  1.13e+04      7605      4332      2126     891.2       337
---------------
       pi+                1669      2345      2008      1449     970.3     590.9     316.8       152
       pi-                7752 1.043e+04      8761      5828      3178      1435     522.4     159.6
       k0l               20.33     23.04     18.29     12.23     7.699     4.946     2.512     1.705
        k+               156.4     215.8     197.2       138     87.72      59.3     34.77     18.87
        k-               8.366     10.89     12.73     13.89     11.26      8.11     5.056     2.006
       mu+                   0         0         0         0         0         0         0         0
       mu-                   0         0         0         0         0         0         0         0
   unknown                 392       435     300.9     163.6     76.45     26.97     9.689     2.732
---------------
       pi+              0.5481    0.1651    0.1669   0.06167      0.14         0   0.04588         0
       pi-               1.536    0.6685    0.1071         0    0.2093    0.1017         0         0
       k0l               3.059      1.44    0.6886    0.3304    0.1682    0.2121   0.04864    0.1336
        k+               2.227    0.9422    0.3638    0.2484   0.08866   0.04861         0         0
        k-             0.04039   0.04039         0         0         0         0         0         0
       mu+                   0         0         0         0         0         0         0         0
       mu-                   0         0         0         0         0         0         0         0
      Dirt                   0         0         0         0         0         0         0         0
       Pi0                   0         0         0         0         0         0         0         0
     Delta                   0   0.05809         0         0         0         0         0         0
   unknown                9992 1.346e+04  1.13e+04      7604      4331      2125     891.1     336.9
------------------------------------------------------------------------------------------------------------------------
Overflow bin  ( E > 1.9 ) = 327.5
Underflow bin ( E < 0 ) = 0
****************************************************************************************

******************************************************************
Data samples (fDataSampleList) included in the fit: 
Nue Data, Numu Data, Nuebar Data, Numubar Data, 

****************************************************************************************
Sample name: Nue Data
Input file: ./input/nu18.75_nubar11.27//data_nue_18.75_E2pct.root
fFastHist.size(): 0
Events read: 3521
Weight calculators: 

  Nue Data bins       0.2       0.3     0.375     0.475      0.55     0.675       0.8      0.95       1.1      1.25       1.5         3
------------------------------------------------------------------------------------------------------------------------------------------------------
       Nue Data            737       426       439       250       285       231       201       166       137       141       187
---------------
       pi+                   0         0         0         0         0         0         0         0         0         0         0
       pi-                   0         0         0         0         0         0         0         0         0         0         0
       k0l                   0         0         0         0         0         0         0         0         0         0         0
        k+                   0         0         0         0         0         0         0         0         0         0         0
        k-                   0         0         0         0         0         0         0         0         0         0         0
       mu+                   0         0         0         0         0         0         0         0         0         0         0
       mu-                   0         0         0         0         0         0         0         0         0         0         0
   unknown                 737       426       439       250       285       231       201       166       137       141       187
---------------
       pi+                   0         0         0         0         0         0         0         0         0         0         0
       pi-                   0         0         0         0         0         0         0         0         0         0         0
       k0l                   0         0         0         0         0         0         0         0         0         0         0
        k+                   0         0         0         0         0         0         0         0         0         0         0
        k-                   0         0         0         0         0         0         0         0         0         0         0
       mu+                   0         0         0         0         0         0         0         0         0         0         0
       mu-                   0         0         0         0         0         0         0         0         0         0         0
      Dirt                   0         0         0         0         0         0         0         0         0         0         0
       Pi0                   0         0         0         0         0         0         0         0         0         0         0
     Delta                   0         0         0         0         0         0         0         0         0         0         0
   unknown                 737       426       439       250       285       231       201       166       137       141       187
------------------------------------------------------------------------------------------------------------------------------------------------------
Overflow bin  ( E > 3 ) = 2
Underflow bin ( E < 0.2 ) = 319
****************************************************************************************


****************************************************************************************
Sample name: Numu Data
Input file: ./input/nu18.75_nubar11.27//data_numu_18.75_E2pct.root
fFastHist.size(): 0
Events read: 339141
Weight calculators: 

 Numu Data bins         0       0.5       0.7       0.9       1.1       1.3       1.5       1.7       1.9
------------------------------------------------------------------------------------------------------------------------
      Numu Data      5.507e+04 8.741e+04 7.768e+04 5.401e+04 3.215e+04  1.67e+04      7750      3730
---------------
       pi+                   0         0         0         0         0         0         0         0
       pi-                   0         0         0         0         0         0         0         0
       k0l                   0         0         0         0         0         0         0         0
        k+                   0         0         0         0         0         0         0         0
        k-                   0         0         0         0         0         0         0         0
       mu+                   0         0         0         0         0         0         0         0
       mu-                   0         0         0         0         0         0         0         0
   unknown           5.507e+04 8.741e+04 7.768e+04 5.401e+04 3.215e+04  1.67e+04      7750      3730
---------------
       pi+                   0         0         0         0         0         0         0         0
       pi-                   0         0         0         0         0         0         0         0
       k0l                   0         0         0         0         0         0         0         0
        k+                   0         0         0         0         0         0         0         0
        k-                   0         0         0         0         0         0         0         0
       mu+                   0         0         0         0         0         0         0         0
       mu-                   0         0         0         0         0         0         0         0
      Dirt                   0         0         0         0         0         0         0         0
       Pi0                   0         0         0         0         0         0         0         0
     Delta                   0         0         0         0         0         0         0         0
   unknown           5.507e+04 8.741e+04 7.768e+04 5.401e+04 3.215e+04  1.67e+04      7750      3730
------------------------------------------------------------------------------------------------------------------------
Overflow bin  ( E > 1.9 ) = 4642
Underflow bin ( E < 0 ) = 0
****************************************************************************************


****************************************************************************************
Sample name: Nuebar Data
Input file: ./input/nu18.75_nubar11.27//data_nuebar_mar12.root
fFastHist.size(): 0
Events read: 607
Weight calculators: 

Nuebar Data bins       0.2       0.3     0.375     0.475      0.55     0.675       0.8      0.95       1.1      1.25       1.5         3
------------------------------------------------------------------------------------------------------------------------------------------------------
    Nuebar Data            122        70        65        43        57        39        37        23        22        30        43
---------------
       pi+                   0         0         0         0         0         0         0         0         0         0         0
       pi-                   0         0         0         0         0         0         0         0         0         0         0
       k0l                   0         0         0         0         0         0         0         0         0         0         0
        k+                   0         0         0         0         0         0         0         0         0         0         0
        k-                   0         0         0         0         0         0         0         0         0         0         0
       mu+                   0         0         0         0         0         0         0         0         0         0         0
       mu-                   0         0         0         0         0         0         0         0         0         0         0
   unknown                 122        70        65        43        57        39        37        23        22        30        43
---------------
       pi+                   0         0         0         0         0         0         0         0         0         0         0
       pi-                   0         0         0         0         0         0         0         0         0         0         0
       k0l                   0         0         0         0         0         0         0         0         0         0         0
        k+                   0         0         0         0         0         0         0         0         0         0         0
        k-                   0         0         0         0         0         0         0         0         0         0         0
       mu+                   0         0         0         0         0         0         0         0         0         0         0
       mu-                   0         0         0         0         0         0         0         0         0         0         0
      Dirt                   0         0         0         0         0         0         0         0         0         0         0
       Pi0                   0         0         0         0         0         0         0         0         0         0         0
     Delta                   0         0         0         0         0         0         0         0         0         0         0
   unknown                 122        70        65        43        57        39        37        23        22        30        43
------------------------------------------------------------------------------------------------------------------------------------------------------
Overflow bin  ( E > 3 ) = 4
Underflow bin ( E < 0.2 ) = 52
****************************************************************************************


****************************************************************************************
Sample name: Numubar Data
Input file: ./input/nu18.75_nubar11.27//data_numubar_mar12.root
fFastHist.size(): 0
Events read: 50770
Weight calculators: 

Numubar Data bins         0       0.5       0.7       0.9       1.1       1.3       1.5       1.7       1.9
------------------------------------------------------------------------------------------------------------------------
   Numubar Data           9481 1.358e+04 1.131e+04      7667      4682      2371       985       380
---------------
       pi+                   0         0         0         0         0         0         0         0
       pi-                   0         0         0         0         0         0         0         0
       k0l                   0         0         0         0         0         0         0         0
        k+                   0         0         0         0         0         0         0         0
        k-                   0         0         0         0         0         0         0         0
       mu+                   0         0         0         0         0         0         0         0
       mu-                   0         0         0         0         0         0         0         0
   unknown                9481 1.358e+04 1.131e+04      7667      4682      2371       985       380
---------------
       pi+                   0         0         0         0         0         0         0         0
       pi-                   0         0         0         0         0         0         0         0
       k0l                   0         0         0         0         0         0         0         0
        k+                   0         0         0         0         0         0         0         0
        k-                   0         0         0         0         0         0         0         0
       mu+                   0         0         0         0         0         0         0         0
       mu-                   0         0         0         0         0         0         0         0
      Dirt                   0         0         0         0         0         0         0         0
       Pi0                   0         0         0         0         0         0         0         0
     Delta                   0         0         0         0         0         0         0         0
   unknown                9481 1.358e+04 1.131e+04      7667      4682      2371       985       380
------------------------------------------------------------------------------------------------------------------------
Overflow bin  ( E > 1.9 ) = 315
Underflow bin ( E < 0 ) = 0
****************************************************************************************

   Background sample       Signal sample  (fBackgroundSignal pairs)
----------------------------------------
              Nue MC          Nue Signal
           Nuebar MC       Nuebar Signal


******************************************************************
Matrices included in the fit: 
MC stat
beamunisims
ccpiq2rewt
dirt
hadronic
k0prod
kmprod
kpprod
mcunisims_smoothed
opticalmodel
pi0yield_common_det
pi0yield_statbkg
pimprodrawaboutsw
pipprodrawaboutsw
xsec
******************************************************************
Running algorithms: 
Algorithm: Fit

   Parameter       N       Min       Max  Best Fit   Current
------------------------------------------------------------
         dm2     190      0.01       100      0.01      0.01
  sin22theta     190    0.0003         1    0.0003    0.0003


 Bin Vector: 
      0.2      0.3    0.375    0.475     0.55    0.675      0.8     0.95      1.1     1.25      1.5        3      0.2      0.3    0.375    0.475     0.55    0.675      0.8     0.95      1.1     1.25      1.5        3        0      0.5      0.7      0.9      1.1      1.3      1.5      1.7      1.9      0.2      0.3    0.375    0.475     0.55    0.675      0.8     0.95      1.1     1.25      1.5        3      0.2      0.3    0.375    0.475     0.55    0.675      0.8     0.95      1.1     1.25      1.5        3        0      0.5      0.7      0.9      1.1      1.3      1.5      1.7      1.9
 Event Vector: 
  12942.9  14777.8  28494.8  23730.1  42377.5  39960.4    41126  32225.3  24470.8  23782.1  18347.1  527.165  315.424  349.645  186.212  261.442  195.534  203.009  165.664  118.581  143.989   201.45  56314.6  86652.2  77496.4  54280.6  33589.6  18141.6  8780.44  4090.68  2336.04  2562.23  4228.26  3562.56  6021.71  5612.44  5894.39   4707.1  3527.22  3554.73  2788.16  90.2899  53.0776  57.0988  32.9379  43.1591  34.1743  36.3835  28.7378  22.3393  26.5091  42.6978  9998.96  13461.3  11298.2  7604.96  4331.89  2125.54  891.223  336.987
 Collapsed Event Vector: 
  527.165  315.424  349.645  186.212  261.442  195.534  203.009  165.664  118.581  143.989   201.45  56314.6  86652.2  77496.4  54280.6  33589.6  18141.6  8780.44  4090.68  90.2899  53.0776  57.0988  32.9379  43.1591  34.1743  36.3835  28.7378  22.3393  26.5091  42.6978  9998.96  13461.3  11298.2  7604.96  4331.89  2125.54  891.223  336.987
 Data Vector: 
      737      426      439      250      285      231      201      166      137      141      187    55067    87414    77683    54008    32149    16698     7750     3730      122       70       65       43       57       39       37       23       22       30       43     9481    13581    11308     7667     4682     2371      985      380

AlgoFit::Run fIter = 0
-------------------------------------------------------------------------------
Completed Iteration 1
Matrix calculated using: 
         dm2 =       0.01
  sin22theta =     0.0003
Best Fit Parameters: 
         dm2 =        0.043144
  sin22theta =        0.842251
Min chi2 = 345.722
Chi2 on last iteration =    486.723
Calculated with current matrix at 
         dm2 =       0.01
  sin22theta =     0.0003


*********************************************************************************
* Errors calculated for:                                                        *
*        dm2                 0.0100                                                 *
* sin22theta                 0.0003                                                 *
*********************************************************************************

******************************************************************
Error matrix for constrained part of the matrix
Number of bins:  22 * 22
 1:         3197         938       697.4       131.4       297.4      -264.5        -547        -461      -530.8      -389.8      -310.7       328.2       36.29       53.85         -40      -82.03      -26.14       5.621      -62.32       19.27       -40.3      -51.98
 2:          938       954.8         325       277.5       134.6      -14.17      -237.6       5.991      -311.8      -45.49      -383.9       93.54       17.96      -12.74       7.979       -2.04       26.45      -9.224      -11.96      -14.18      -17.09      -15.97
 3:        697.4         325        1142      -9.794       296.5       61.49      -110.1       16.07      -1.548      -59.67       37.17       66.95       28.51        65.4      -29.12      -11.76        3.82       17.99       12.92       -3.72      -44.83      -35.39
 4:        131.4       277.5      -9.794       462.5       55.84       83.85       91.72       40.72       38.85       63.91       74.87        7.66      -1.985       11.31       31.56       33.95       31.39       38.81       15.73       8.342      -4.416      -15.54
 5:        297.4       134.6       296.5       55.84       852.8      -40.47       172.5       59.18       163.2       303.2       325.8      -44.11       1.843       25.38      -3.523       25.98       17.27       37.76       26.69       21.76       5.219       27.26
 6:       -264.5      -14.17       61.49       83.85      -40.47       535.3       333.8       188.6         144       167.8       290.9      -41.82      -19.78       20.91       15.27       46.54        34.1        53.5       21.61       17.86       24.81       39.79
 7:         -547      -237.6      -110.1       91.72       172.5       333.8       776.7       326.3       270.6       298.9         543         -84      -12.73       39.57        1.33       71.87       30.02       48.11       28.64       40.38          36       12.83
 8:         -461       5.991       16.07       40.72       59.18       188.6       326.3       442.4       93.38       289.1       160.7      -78.45      -31.27      -7.579       30.66       26.13       42.63       41.39       19.32       24.41       11.73       13.56
 9:       -530.8      -311.8      -1.548       38.85       163.2         144       270.6       93.38         496       337.6       530.2      -100.4        0.77       15.51       20.41       56.16       25.45       41.02       31.38       28.88       23.84        41.7
10:       -389.8      -45.49      -59.67       63.91       303.2       167.8       298.9       289.1       337.6       636.6       494.2      -142.7       15.77      -21.56       23.66       32.89       50.64       65.48       42.52       33.94      -3.629       33.78
11:       -310.7      -383.9       37.17       74.87       325.8       290.9         543       160.7       530.2       494.2        1373      -130.1      -14.62        45.4       15.47       96.27       64.74         117       72.65       65.75       51.71       58.31
12:        328.2       93.54       66.95        7.66      -44.11      -41.82         -84      -78.45      -100.4      -142.7      -130.1       156.3       22.35       10.61      -1.745      -12.64        -8.7       -8.64      -8.595      -1.726      -4.431      -6.899
13:        36.29       17.96       28.51      -1.985       1.843      -19.78      -12.73      -31.27        0.77       15.77      -14.62       22.35        64.9       6.706       5.541      -8.096     -0.4511     -0.5909       4.377      -1.037      0.9322       2.278
14:        53.85      -12.74        65.4       11.31       25.38       20.91       39.57      -7.579       15.51      -21.56        45.4       10.61       6.706       66.05      -2.639       11.73       5.663       6.402       3.784       3.654       1.251       3.229
15:          -40       7.979      -29.12       31.56      -3.523       15.27        1.33       30.66       20.41       23.66       15.47      -1.745       5.541      -2.639        35.8       5.227        4.55       6.075       1.889       4.772       5.869       3.663
16:       -82.03       -2.04      -11.76       33.95       25.98       46.54       71.87       26.13       56.16       32.89       96.27      -12.64      -8.096       11.73       5.227       63.89       10.04        10.2       5.198       5.901       6.624       3.721
17:       -26.14       26.45        3.82       31.39       17.27        34.1       30.02       42.63       25.45       50.64       64.74        -8.7     -0.4511       5.663        4.55       10.04       46.95       11.26       12.94       5.143       3.698       7.779
18:        5.621      -9.224       17.99       38.81       37.76        53.5       48.11       41.39       41.02       65.48         117       -8.64     -0.5909       6.402       6.075        10.2       11.26       51.25       12.23       8.158       6.242       11.24
19:       -62.32      -11.96       12.92       15.73       26.69       21.61       28.64       19.32       31.38       42.52       72.65      -8.595       4.377       3.784       1.889       5.198       12.94       12.23       36.97       3.666       6.657       15.38
20:        19.27      -14.18       -3.72       8.342       21.76       17.86       40.38       24.41       28.88       33.94       65.75      -1.726      -1.037       3.654       4.772       5.901       5.143       8.158       3.666       26.29       8.028       10.31
21:        -40.3      -17.09      -44.83      -4.416       5.219       24.81          36       11.73       23.84      -3.629       51.71      -4.431      0.9322       1.251       5.869       6.624       3.698       6.242       6.657       8.028       38.55       23.46
22:       -51.98      -15.97      -35.39      -15.54       27.26       39.79       12.83       13.56        41.7       33.78       58.31      -6.899       2.278       3.229       3.663       3.721       7.779       11.24       15.38       10.31       23.46       87.32

------------------------------------------
Constrained CHI2 Null       =   53.33077
Constrained LIKELIHOOD Null =  162.19578
------------------------------------------
*********************************************************************************
* Errors calculated for:                                                        *
*        dm2                 0.0431                                                 *
* sin22theta                 0.8423                                                 *
*********************************************************************************

******************************************************************
Error matrix for constrained part of the matrix
Number of bins:  22 * 22
 1:         3714        1106        1022       112.8       288.8      -250.4      -480.3      -592.9      -495.2      -390.4      -246.8       362.9       79.91       97.72      -43.13      -63.71      -20.63       14.37      -60.52       21.38      -40.84      -58.41
 2:         1106        1130         443       341.4       184.5       82.93      -181.1      -23.85      -268.1      -19.09      -308.7       96.38       40.76       20.39       6.602       14.94       42.47      -1.113     -0.2705      -18.15      -13.99      -21.69
 3:         1022         443        1488       42.19       429.4       161.7      -33.39      -9.573       55.05      -14.07       134.1       64.69       48.72       95.41      -28.71    -0.09584       20.77        28.1       19.69      0.8804      -45.85      -35.02
 4:        112.8       341.4       42.19       602.2       36.33       136.2       110.7       66.14       65.72       74.62       89.18       16.21      -1.695        22.5       32.18       44.12       36.98       43.67       18.12       6.648      -7.986      -17.25
 5:        288.8       184.5       429.4       36.33       951.2      -18.59       227.8       127.1       182.7       350.2       336.5      -53.11       7.267       27.08     -0.4735       34.11       25.63       41.16       31.74       23.41       1.876       22.31
 6:       -250.4       82.93       161.7       136.2      -18.59       634.5       400.8       232.8       180.5       202.3       321.2      -48.38      -21.54       22.58       17.04       57.33       43.34       59.59        27.3        19.6       23.71       39.37
 7:       -480.3      -181.1      -33.39       110.7       227.8       400.8       914.5       357.8       309.3       330.2       586.1      -95.67      -10.63       40.82      -1.025       80.81       36.92        54.4       33.35       42.71        37.7        13.7
 8:       -592.9      -23.85      -9.573       66.14       127.1       232.8       357.8       474.1       114.4         305       180.4       -92.7      -35.68      -7.576       28.63       29.84       46.58       42.98       22.71       24.69       12.52       10.75
 9:       -495.2      -268.1       55.05       65.72       182.7       180.5       309.3       114.4       542.9       349.8       537.8      -97.42      -2.258       17.08       19.35       60.64          26       43.19       32.63       30.34       25.63       44.14
10:       -390.4      -19.09      -14.07       74.62       350.2       202.3       330.2         305       349.8       654.6       503.6      -145.9       12.54      -23.15       22.55       33.21       52.37       68.22       43.58       35.05      -2.199       34.13
11:       -246.8      -308.7       134.1       89.18       336.5       321.2       586.1       180.4       537.8       503.6        1386      -123.7      -11.98          46       17.31       99.31       65.69       116.4       72.44       67.43       52.21        58.7
12:        362.9       96.38       64.69       16.21      -53.11      -48.38      -95.67       -92.7      -97.42      -145.9      -123.7       185.9       27.39       14.43     -0.2327      -10.42      -7.417      -8.374      -8.543      -1.613      -4.007      -7.309
13:        79.91       40.76       48.72      -1.695       7.267      -21.54      -10.63      -35.68      -2.258       12.54      -11.98       27.39        82.1       10.12       5.842      -7.179      0.3261     -0.5529       3.897     -0.9806       0.408      0.7155
14:        97.72       20.39       95.41        22.5       27.08       22.58       40.82      -7.576       17.08      -23.15          46       14.43       10.12       82.59      -1.952       13.23       6.924       5.954       4.246       4.071       1.551       2.367
15:       -43.13       6.602      -28.71       32.18     -0.4735       17.04      -1.025       28.63       19.35       22.55       17.31     -0.2327       5.842      -1.952        43.2       5.473       4.666       6.429       2.971       4.483       5.781       4.003
16:       -63.71       14.94    -0.09584       44.12       34.11       57.33       80.81       29.84       60.64       33.21       99.31      -10.42      -7.179       13.23       5.473       75.68       11.47       10.65       5.756       6.298       6.906       3.668
17:       -20.63       42.47       20.77       36.98       25.63       43.34       36.92       46.58          26       52.37       65.69      -7.417      0.3261       6.924       4.666       11.47       54.54       11.45       13.43       5.316       3.664       7.531
18:        14.37      -1.113        28.1       43.67       41.16       59.59        54.4       42.98       43.19       68.22       116.4      -8.374     -0.5529       5.954       6.429       10.65       11.45       56.16       12.36       8.388       6.208       11.25
19:       -60.52     -0.2705       19.69       18.12       31.74        27.3       33.35       22.71       32.63       43.58       72.44      -8.543       3.897       4.246       2.971       5.756       13.43       12.36       40.06        3.84       6.787        15.4
20:        21.38      -18.15      0.8804       6.648       23.41        19.6       42.71       24.69       30.34       35.05       67.43      -1.613     -0.9806       4.071       4.483       6.298       5.316       8.388        3.84       28.08        8.13        10.3
21:       -40.84      -13.99      -45.85      -7.986       1.876       23.71        37.7       12.52       25.63      -2.199       52.21      -4.007       0.408       1.551       5.781       6.906       3.664       6.208       6.787        8.13       40.01       23.62
22:       -58.41      -21.69      -35.02      -17.25       22.31       39.37        13.7       10.75       44.14       34.13        58.7      -7.309      0.7155       2.367       4.003       3.668       7.531       11.25        15.4        10.3       23.62       88.12

------------------------------------------
Constrained CHI2 BF       =   22.34628
Constrained LIKELIHOOD BF =  134.95891
------------------------------------------
